<?xml version="1.0" encoding="UTF-8"?>
<!-- Generated by org.testng.reporters.JUnitReportReporter -->
<testsuite hostname="DESKTOP-0QPMEKH" failures="0" tests="1" name="Test_orangeHrm001.Test_Hrm_001" time="26.948" errors="0" timestamp="2022-07-23T19:21:46 IST" skipped="0">
  <testcase classname="Test_orangeHrm001.Test_Hrm_001" name="verifyAdmin1" time="26.948"/>
  <system-out/>
</testsuite> <!-- Test_orangeHrm001.Test_Hrm_001 -->
